<?xml version="1.0" encoding="UTF-8"?>
<!-- Generated by org.testng.reporters.JUnitXMLReporter -->
<testsuite hostname="CH-ADN-H84LHM2" ignored="0" name="GoogleSearchAdesso" tests="2" failures="1" timestamp="16 Feb 2018 12:28:43 GMT" time="6.69" errors="0">
  <testcase name="googleSearch" time="1.409" classname="asf.asf.google.scripts.GoogleSearch"/>
  <testcase name="googleVerifySpanText" time="0.036" classname="asf.asf.google.scripts.GoogleSearch">
    <failure type="java.lang.AssertionError" message="expected [Beron] but found [Bern]">
      <![CDATA[java.lang.AssertionError: expected [Beron] but found [Bern]
at asf.asf.google.GoogleActions.googleVerifySpanText(GoogleActions.java:17)
at asf.asf.google.scripts.GoogleSearch.googleVerifySpanText(GoogleSearch.java:20)
... Removed 32 stack frames]]>
    </failure>
  </testcase> <!-- googleVerifySpanText -->
</testsuite> <!-- GoogleSearchAdesso -->
